<?xml version="1.0" encoding="UTF-8"?>
<!-- Generated by org.testng.reporters.JUnitReportReporter -->
<testsuite hostname="DESKTOP-Q4NR4PC" failures="1" tests="28" name="HomeTest" time="218.941" errors="0" timestamp="2023-02-13T15:04:45 PKT" skipped="0">
  <testcase classname="HomeTest" name="VerifyLogoWhileClickLawyer" time="14.886"/>
  <system-out/>
  <testcase classname="HomeTest" name="VerifySearchButton" time="14.984"/>
  <system-out/>
  <testcase classname="HomeTest" name="LawyerProfileSection" time="8.719"/>
  <system-out/>
  <testcase classname="HomeTest" name="SindhBarLogo" time="0.059"/>
  <system-out/>
  <testcase classname="HomeTest" name="VerifyFirstlinkText" time="9.920"/>
  <system-out/>
  <testcase classname="HomeTest" name="VerifyPageTitle" time="0.014"/>
  <system-out/>
  <testcase classname="HomeTest" name="VerifySpecificLawyerText" time="0.052"/>
  <system-out/>
  <testcase classname="HomeTest" name="VerifyInviteFriendsPopup" time="4.775">
    <failure message="expected [none] but found [block]" type="java.lang.AssertionError">
      <![CDATA[java.lang.AssertionError: expected [none] but found [block]
at org.testng.Assert.fail(Assert.java:99)
at org.testng.Assert.failNotEquals(Assert.java:1037)
at org.testng.Assert.assertEqualsImpl(Assert.java:140)
at org.testng.Assert.assertEquals(Assert.java:122)
at org.testng.Assert.assertEquals(Assert.java:629)
at org.testng.Assert.assertEquals(Assert.java:639)
at pages.BaseClass.verifyText(BaseClass.java:122)
at HomeTest.VerifyInviteFriendsPopup(HomeTest.java:324)
at java.base/jdk.internal.reflect.NativeMethodAccessorImpl.invoke0(Native Method)
at java.base/jdk.internal.reflect.NativeMethodAccessorImpl.invoke(NativeMethodAccessorImpl.java:77)
at java.base/jdk.internal.reflect.DelegatingMethodAccessorImpl.invoke(DelegatingMethodAccessorImpl.java:43)
at java.base/java.lang.reflect.Method.invoke(Method.java:568)
at org.testng.internal.MethodInvocationHelper.invokeMethod(MethodInvocationHelper.java:133)
at org.testng.internal.TestInvoker.invokeMethod(TestInvoker.java:598)
at org.testng.internal.TestInvoker.invokeTestMethod(TestInvoker.java:173)
at org.testng.internal.MethodRunner.runInSequence(MethodRunner.java:46)
at org.testng.internal.TestInvoker$MethodInvocationAgent.invoke(TestInvoker.java:824)
at org.testng.internal.TestInvoker.invokeTestMethods(TestInvoker.java:146)
at org.testng.internal.TestMethodWorker.invokeTestMethods(TestMethodWorker.java:146)
at org.testng.internal.TestMethodWorker.run(TestMethodWorker.java:128)
at java.base/java.util.ArrayList.forEach(ArrayList.java:1511)
at org.testng.TestRunner.privateRun(TestRunner.java:794)
at org.testng.TestRunner.run(TestRunner.java:596)
at org.testng.SuiteRunner.runTest(SuiteRunner.java:377)
at org.testng.SuiteRunner.runSequentially(SuiteRunner.java:371)
at org.testng.SuiteRunner.privateRun(SuiteRunner.java:332)
at org.testng.SuiteRunner.run(SuiteRunner.java:276)
at org.testng.SuiteRunnerWorker.runSuite(SuiteRunnerWorker.java:53)
at org.testng.SuiteRunnerWorker.run(SuiteRunnerWorker.java:96)
at org.testng.TestNG.runSuitesSequentially(TestNG.java:1212)
at org.testng.TestNG.runSuitesLocally(TestNG.java:1134)
at org.testng.TestNG.runSuites(TestNG.java:1063)
at org.testng.TestNG.run(TestNG.java:1031)
at org.testng.remote.AbstractRemoteTestNG.run(AbstractRemoteTestNG.java:115)
at org.testng.remote.RemoteTestNG.initAndRun(RemoteTestNG.java:251)
at org.testng.remote.RemoteTestNG.main(RemoteTestNG.java:77)
]]>
    </failure>
  </testcase> <!-- VerifyInviteFriendsPopup -->
  <system-out/>
  <testcase classname="HomeTest" name="VerifyFivthLinkText" time="11.415"/>
  <system-out/>
  <testcase classname="HomeTest" name="VerifyLeopordsLogo" time="30.054"/>
  <system-out/>
  <testcase classname="HomeTest" name="VerifySpecialityBrowserAll" time="9.228"/>
  <system-out/>
  <testcase classname="HomeTest" name="VerifySecondLinkText" time="7.851"/>
  <system-out/>
  <testcase classname="HomeTest" name="VerifyCitiesBrowserAll" time="11.438"/>
  <system-out/>
  <testcase classname="HomeTest" name="Verifylogo" time="0.043"/>
  <system-out/>
  <testcase classname="HomeTest" name="VerifySigninFieldValidation" time="5.018"/>
  <system-out/>
  <testcase classname="HomeTest" name="VerifyFindAnyLawyerText" time="0.050"/>
  <system-out/>
  <testcase classname="HomeTest" name="VerifyThirdLinkText" time="8.842"/>
  <system-out/>
  <testcase classname="HomeTest" name="VerifySigninFieldValidation4" time="25.821"/>
  <system-out/>
  <testcase classname="HomeTest" name="VerifySearchPresent" time="0.048"/>
  <system-out/>
  <testcase classname="HomeTest" name="VerifyTestimonialSection" time="0.034"/>
  <system-out/>
  <testcase classname="HomeTest" name="VerifyisTextPresent" time="0.041"/>
  <system-out/>
  <testcase classname="HomeTest" name="VerifySigninFieldValidation3" time="5.810"/>
  <system-out/>
  <testcase classname="HomeTest" name="VerifyLawyerDropDown" time="5.189"/>
  <system-out/>
  <testcase classname="HomeTest" name="VerifyFourthLinkText" time="10.511"/>
  <system-out/>
  <testcase classname="HomeTest" name="VerifyPageSection" time="0.092"/>
  <system-out/>
  <testcase classname="HomeTest" name="VerifySigninButton" time="3.008"/>
  <system-out/>
  <testcase classname="HomeTest" name="VerifySigninFieldValidation2" time="15.826"/>
  <system-out/>
  <testcase classname="HomeTest" name="VerifySigninFunction" time="15.213"/>
  <system-out/>
</testsuite> <!-- HomeTest -->
